::1 - - [19/Oct/2022:10:14:16 +0000] "POST /api/v1/patients/signup HTTP/1.1" 500 2433 "-" "PostmanRuntime/7.29.2"
::1 - - [19/Oct/2022:10:18:54 +0000] "POST /api/v1/patients/signup HTTP/1.1" 500 1028 "-" "PostmanRuntime/7.29.2"
::1 - - [19/Oct/2022:10:19:26 +0000] "POST /api/v1/patients/signup HTTP/1.1" 500 705 "-" "PostmanRuntime/7.29.2"
::1 - - [19/Oct/2022:10:23:32 +0000] "POST /api/v1/patients/signup HTTP/1.1" 500 1453 "-" "PostmanRuntime/7.29.2"
::1 - - [19/Oct/2022:10:28:40 +0000] "POST /api/v1/patients/signup HTTP/1.1" 201 411 "-" "PostmanRuntime/7.29.2"
::1 - - [19/Oct/2022:10:32:04 +0000] "POST /api/v1/patients/signup HTTP/1.1" 500 1032 "-" "PostmanRuntime/7.29.2"
::1 - - [19/Oct/2022:10:33:22 +0000] "POST /api/v1/patients/signup HTTP/1.1" 500 1032 "-" "PostmanRuntime/7.29.2"
::1 - - [19/Oct/2022:10:33:44 +0000] "POST /api/v1/patients/signup HTTP/1.1" 500 1042 "-" "PostmanRuntime/7.29.2"
::1 - - [19/Oct/2022:10:35:51 +0000] "POST /api/v1/patients/signup HTTP/1.1" 201 448 "-" "PostmanRuntime/7.29.2"
::1 - - [19/Oct/2022:10:38:17 +0000] "POST /api/v1/patients/signup HTTP/1.1" 201 487 "-" "PostmanRuntime/7.29.2"
::1 - - [19/Oct/2022:10:44:11 +0000] "POST /api/v1/patients/signin HTTP/1.1" 200 487 "-" "PostmanRuntime/7.29.2"
::1 - - [19/Oct/2022:10:45:14 +0000] "GET /api/v1/patients HTTP/1.1" 200 311 "-" "PostmanRuntime/7.29.2"
::1 - - [19/Oct/2022:10:46:03 +0000] "GET /api/v1/patients HTTP/1.1" 200 302 "-" "PostmanRuntime/7.29.2"
::1 - - [19/Oct/2022:10:47:11 +0000] "GET /api/v1/patients/634fd399620272a64390014d HTTP/1.1" 200 305 "-" "PostmanRuntime/7.29.2"
::1 - - [19/Oct/2022:10:47:56 +0000] "GET /api/v1/patients/634fd399620272a64390014d HTTP/1.1" 200 296 "-" "PostmanRuntime/7.29.2"
::1 - - [19/Oct/2022:10:50:26 +0000] "PATCH /api/v1/patients/634fd399620272a64390014d HTTP/1.1" 200 305 "-" "PostmanRuntime/7.29.2"
::1 - - [19/Oct/2022:10:51:19 +0000] "DELETE /api/v1/patients/634fd399620272a64390014d HTTP/1.1" 204 - "-" "PostmanRuntime/7.29.2"
::1 - - [19/Oct/2022:10:51:45 +0000] "GET /api/v1/patients HTTP/1.1" 200 42 "-" "PostmanRuntime/7.29.2"
::1 - - [19/Oct/2022:10:51:54 +0000] "POST /api/v1/patients/signup HTTP/1.1" 201 487 "-" "PostmanRuntime/7.29.2"
::1 - - [19/Oct/2022:10:51:59 +0000] "GET /api/v1/patients HTTP/1.1" 200 302 "-" "PostmanRuntime/7.29.2"
::1 - - [19/Oct/2022:10:53:33 +0000] "POST /api/v1/patients/forget-password HTTP/1.1" 404 1279 "-" "PostmanRuntime/7.29.2"
::1 - - [19/Oct/2022:10:54:27 +0000] "POST /api/v1/patients/forgot-password HTTP/1.1" 500 442 "-" "PostmanRuntime/7.29.2"
::1 - - [19/Oct/2022:10:55:24 +0000] "POST /api/v1/patients/forgot-password HTTP/1.1" 500 557 "-" "PostmanRuntime/7.29.2"
::1 - - [19/Oct/2022:10:57:48 +0000] "POST /api/v1/patients/forgot-password HTTP/1.1" 200 193 "-" "PostmanRuntime/7.29.2"
::1 - - [19/Oct/2022:11:05:03 +0000] "POST /api/v1/patients/reset-password/2ac0766d736c98ae597bdc6821f24c7b446eb178f7e9b1c2133be32a6b57daad HTTP/1.1" 404 1407 "-" "PostmanRuntime/7.29.2"
::1 - - [19/Oct/2022:11:06:16 +0000] "POST /api/v1/patients/reset-password/2ac0766d736c98ae597bdc6821f24c7b446eb178f7e9b1c2133be32a6b57daad HTTP/1.1" 404 1407 "-" "PostmanRuntime/7.29.2"
::1 - - [19/Oct/2022:11:06:24 +0000] "POST /api/v1/patients/reset-password/2ac0766d736c98ae597bdc6821f24c7b446eb178f7e9b1c2133be32a6b57daad HTTP/1.1" 404 1407 "-" "PostmanRuntime/7.29.2"
::1 - - [19/Oct/2022:11:07:58 +0000] "POST /api/v1/patients/reset-password/2ac0766d736c98ae597bdc6821f24c7b446eb178f7e9b1c2133be32a6b57daad HTTP/1.1" 404 1407 "-" "PostmanRuntime/7.29.2"
::1 - - [19/Oct/2022:11:12:55 +0000] "POST /api/v1/patients/reset-password/2ac0766d736c98ae597bdc6821f24c7b446eb178f7e9b1c2133be32a6b57daad HTTP/1.1" 404 1407 "-" "PostmanRuntime/7.29.2"
::1 - - [19/Oct/2022:11:17:40 +0000] "POST /api/v1/patients/reset-password/2ac0766d736c98ae597bdc6821f24c7b446eb178f7e9b1c2133be32a6b57daad HTTP/1.1" 404 1407 "-" "PostmanRuntime/7.29.2"
::1 - - [19/Oct/2022:11:18:25 +0000] "POST /api/v1/patients/reset-password/2ac0766d736c98ae597bdc6821f24c7b446eb178f7e9b1c2133be32a6b57daad HTTP/1.1" 404 1407 "-" "PostmanRuntime/7.29.2"
::1 - - [19/Oct/2022:11:19:17 +0000] "POST /api/v1/patients/reset-password/2ac0766d736c98ae597bdc6821f24c7b446eb178f7e9b1c2133be32a6b57daad HTTP/1.1" 404 1407 "-" "PostmanRuntime/7.29.2"
::1 - - [19/Oct/2022:11:19:31 +0000] "PATCH /api/v1/patients/reset-password/2ac0766d736c98ae597bdc6821f24c7b446eb178f7e9b1c2133be32a6b57daad HTTP/1.1" 400 342 "-" "PostmanRuntime/7.29.2"
::1 - - [19/Oct/2022:11:20:04 +0000] "POST /api/v1/patients/forgot-password HTTP/1.1" 200 193 "-" "PostmanRuntime/7.29.2"
::1 - - [19/Oct/2022:11:20:27 +0000] "PATCH /api/v1/patients/reset-password/61f23df9e49430b68a65dda8eed1304306a09332d4a6632bdefdbc7b114f4630 HTTP/1.1" 200 534 "-" "PostmanRuntime/7.29.2"
::1 - - [19/Oct/2022:12:04:28 +0000] "GET /api/v1/patients/update-password HTTP/1.1" 500 841 "-" "PostmanRuntime/7.29.2"
::1 - - [19/Oct/2022:12:05:00 +0000] "PATCH /api/v1/patients/update-password HTTP/1.1" 500 841 "-" "PostmanRuntime/7.29.2"
::1 - - [19/Oct/2022:12:05:48 +0000] "PATCH /api/v1/patients/update-password HTTP/1.1" 500 841 "-" "PostmanRuntime/7.29.2"
::1 - - [19/Oct/2022:12:07:01 +0000] "PATCH /api/v1/patients/update-password/634fd6caa44a54b5510d6e16 HTTP/1.1" 404 1329 "-" "PostmanRuntime/7.29.2"
::1 - - [19/Oct/2022:12:07:54 +0000] "PATCH /api/v1/patients/update-password/634fd6caa44a54b5510d6e16 HTTP/1.1" 200 534 "-" "PostmanRuntime/7.29.2"
